[2016-03-24 14:37:00] START
[2016-03-24 14:42:35] EDIT feedback/models/db.py: 9
[2016-03-24 14:51:48] EDIT feedback/models/db.py: 9
[2016-03-24 14:51:53] EDIT feedback/models/db.py: 0
[2016-03-24 14:52:34] EDIT feedback/models/db.py: 0
[2016-03-24 14:52:45] EDIT feedback/models/db.py: 0
[2016-03-24 14:52:47] EDIT feedback/models/db.py: 0
[2016-03-24 14:53:07] EDIT feedback/models/db.py: 0
[2016-03-24 14:53:34] EDIT feedback/models/db.py: 0
[2016-03-24 14:55:33] EDIT feedback/models/db.py: -4
[2016-03-24 15:16:09] EDIT feedback/models/db.py: 3
[2016-03-24 15:16:48] EDIT feedback/models/db.py: 0
[2016-03-24 15:16:57] EDIT feedback/models/db.py: -3
[2016-03-24 15:19:51] EDIT feedback/models/db.py: 0
[2016-03-24 15:20:16] EDIT feedback/models/db.py: 0
[2016-03-24 15:20:40] EDIT feedback/models/db.py: 0
[2016-03-24 15:24:58] EDIT feedback/models/db.py: 0
[2016-03-24 15:46:53] EDIT feedback/controllers/default.py: 3
[2016-03-24 15:48:26] EDIT feedback/controllers/default.py: 1
[2016-03-24 15:48:55] EDIT feedback/controllers/default.py: 0
[2016-03-24 15:48:58] EDIT feedback/controllers/default.py: 0
[2016-03-24 15:49:04] EDIT feedback/controllers/default.py: 0
[2016-03-24 15:56:28] EDIT feedback/controllers/default.py: -4
[2016-03-24 16:01:33] EDIT feedback/controllers/default.py: 5
[2016-03-24 16:08:49] EDIT feedback/controllers/default.py: 0
[2016-03-24 16:09:50] EDIT feedback/controllers/default.py: 0
[2016-03-24 16:10:47] EDIT feedback/controllers/default.py: 0
[2016-03-24 16:12:28] EDIT feedback/controllers/default.py: 0
[2016-03-24 16:14:21] EDIT feedback/controllers/default.py: 0
[2016-03-24 16:14:22] EDIT feedback/controllers/default.py: 0
[2016-03-24 16:15:43] EDIT feedback/controllers/default.py: 0
[2016-03-24 16:20:47] EDIT feedback/models/db.py: 1
[2016-03-24 16:24:35] EDIT feedback/models/db.py: 0
[2016-03-24 16:25:27] EDIT feedback/models/db.py: 0
[2016-03-24 16:26:58] EDIT feedback/models/db.py: 4
[2016-03-24 16:27:02] EDIT feedback/models/db.py: 0
[2016-03-24 16:27:03] EDIT feedback/models/db.py: 0
[2016-03-24 16:27:15] EDIT feedback/models/db.py: 0
[2016-03-24 16:27:17] EDIT feedback/models/db.py: 0
[2016-03-24 16:27:26] EDIT feedback/models/db.py: 0
[2016-03-24 16:29:59] EDIT feedback/models/db.py: 4
[2016-03-24 16:36:17] EDIT feedback/controllers/default.py: 5
[2016-03-24 16:36:35] EDIT feedback/controllers/default.py: -1
[2016-03-24 16:37:20] EDIT feedback/controllers/default.py: -1
[2016-03-24 16:39:11] CREATE default/display_users.html: 0
[2016-03-24 16:40:47] EDIT feedback/views/default/display_users.html: -1
[2016-03-24 16:49:27] EDIT feedback/views/default/display_users.html: 7
[2016-03-24 16:49:28] EDIT feedback/views/default/display_users.html: 0
[2016-03-24 22:11:11] EDIT feedback/views/default/display_users.html: 5
[2016-03-24 22:11:21] EDIT feedback/views/default/display_users.html: 0
[2016-03-24 22:12:45] EDIT feedback/views/default/display_users.html: -1
[2016-03-24 22:14:09] EDIT feedback/controllers/default.py: 2
[2016-03-24 22:15:31] EDIT feedback/controllers/default.py: 2
[2016-03-24 22:15:34] EDIT feedback/controllers/default.py: 0
[2016-03-24 22:16:30] CREATE default/show_user.html: 0
[2016-03-24 22:17:11] EDIT feedback/views/default/show_user.html: -1
[2016-03-24 22:18:05] EDIT feedback/views/default/show_user.html: 0
[2016-03-24 22:18:22] EDIT feedback/views/default/display_users.html: 0
[2016-03-24 22:18:56] EDIT feedback/controllers/default.py: 0
[2016-03-24 22:22:34] EDIT feedback/views/default/show_user.html: 1
[2016-03-24 22:22:36] EDIT feedback/views/default/show_user.html: 0
[2016-03-24 22:22:40] EDIT feedback/views/default/show_user.html: 0
[2016-03-24 22:28:19] EDIT feedback/controllers/default.py: 4
[2016-03-24 22:28:22] EDIT feedback/controllers/default.py: 0
[2016-03-24 22:28:41] EDIT feedback/controllers/default.py: 0
[2016-03-24 22:30:20] EDIT feedback/controllers/default.py: 0
[2016-03-24 22:30:28] EDIT feedback/controllers/default.py: 0
[2016-03-24 22:31:03] EDIT feedback/controllers/default.py: 0
[2016-03-24 22:32:11] EDIT feedback/controllers/default.py: 0
[2016-03-24 22:32:47] EDIT feedback/controllers/default.py: 0
[2016-03-24 22:34:23] EDIT feedback/controllers/default.py: 0
[2016-03-24 22:34:44] EDIT feedback/controllers/default.py: 0
[2016-03-24 22:35:37] EDIT feedback/controllers/default.py: 0
[2016-03-24 22:35:49] EDIT feedback/controllers/default.py: 0
[2016-03-24 22:36:05] EDIT feedback/controllers/default.py: 0
[2016-03-24 22:39:30] EDIT feedback/controllers/default.py: 0
[2016-03-24 22:43:01] EDIT feedback/controllers/default.py: 1
[2016-03-24 22:43:20] EDIT feedback/controllers/default.py: 0
[2016-03-24 22:43:56] EDIT feedback/controllers/default.py: 0
[2016-03-24 22:44:15] EDIT feedback/controllers/default.py: 0
[2016-03-24 22:46:04] EDIT feedback/models/db.py: 0
[2016-03-24 22:46:25] EDIT feedback/models/db.py: 0
[2016-03-24 22:46:26] EDIT feedback/models/db.py: 0
[2016-03-24 22:51:59] EDIT feedback/controllers/default.py: 1
[2016-03-24 22:52:00] EDIT feedback/controllers/default.py: 0
[2016-03-24 22:53:47] EDIT feedback/controllers/default.py: 0
[2016-03-24 22:53:58] EDIT feedback/controllers/default.py: 0
[2016-03-24 22:54:00] EDIT feedback/controllers/default.py: 0
[2016-03-24 22:54:19] EDIT feedback/controllers/default.py: 0
[2016-03-24 22:56:57] EDIT feedback/controllers/default.py: 0
[2016-03-24 22:57:31] EDIT feedback/controllers/default.py: 0
[2016-03-24 22:58:09] EDIT feedback/controllers/default.py: 0
[2016-03-24 22:59:23] EDIT feedback/controllers/default.py: 0
[2016-03-24 22:59:24] EDIT feedback/controllers/default.py: 0
[2016-03-24 23:01:57] EDIT feedback/controllers/default.py: 0
[2016-03-24 23:02:12] EDIT feedback/controllers/default.py: 0
[2016-03-24 23:02:15] EDIT feedback/controllers/default.py: 0
[2016-03-24 23:02:19] EDIT feedback/controllers/default.py: 0
[2016-03-24 23:04:19] EDIT feedback/controllers/default.py: 1
[2016-03-24 23:04:24] EDIT feedback/controllers/default.py: 0
[2016-03-24 23:05:16] EDIT feedback/controllers/default.py: 1
[2016-03-24 23:12:30] EDIT feedback/controllers/default.py: 1
[2016-03-24 23:13:00] EDIT feedback/controllers/default.py: 0
[2016-03-24 23:13:39] EDIT feedback/views/default/show_user.html: 2
[2016-03-24 23:13:45] EDIT feedback/views/default/show_user.html: 0
[2016-03-24 23:15:25] EDIT feedback/controllers/default.py: 2
[2016-03-24 23:15:36] EDIT feedback/controllers/default.py: 0
[2016-03-24 23:15:51] EDIT feedback/controllers/default.py: 0
[2016-03-24 23:16:07] EDIT feedback/controllers/default.py: 0
[2016-03-24 23:18:54] EDIT feedback/controllers/default.py: 0
[2016-03-24 23:18:56] EDIT feedback/controllers/default.py: 0
[2016-03-24 23:19:02] EDIT feedback/controllers/default.py: 0
[2016-03-24 23:19:03] EDIT feedback/controllers/default.py: 0
[2016-03-24 23:19:07] EDIT feedback/controllers/default.py: 0
[2016-03-24 23:19:25] EDIT feedback/controllers/default.py: 0
[2016-03-24 23:20:16] EDIT feedback/views/default/show_user.html: 0
[2016-03-24 23:20:41] EDIT feedback/controllers/default.py: 0
[2016-03-24 23:20:51] EDIT feedback/controllers/default.py: 0
[2016-03-24 23:21:27] EDIT feedback/views/default/show_user.html: 0
[2016-03-24 23:25:08] EDIT feedback/views/default/show_user.html: 6
[2016-03-24 23:26:39] EDIT feedback/views/default/show_user.html: 9
[2016-03-24 23:26:44] EDIT feedback/views/default/show_user.html: 0
[2016-03-24 23:26:46] EDIT feedback/views/default/show_user.html: 0
[2016-03-24 23:26:55] EDIT feedback/views/default/show_user.html: 0
[2016-03-24 23:28:37] EDIT feedback/controllers/default.py: 0
[2016-03-24 23:28:51] EDIT feedback/views/default/show_user.html: 0
[2016-03-24 23:28:59] EDIT feedback/views/default/show_user.html: 0
[2016-03-24 23:29:13] EDIT feedback/views/default/show_user.html: 0
[2016-03-24 23:29:53] EDIT feedback/controllers/default.py: 0
[2016-03-24 23:30:42] EDIT feedback/views/default/show_user.html: 0
[2016-03-24 23:31:14] EDIT feedback/views/default/show_user.html: -1
[2016-03-24 23:31:46] EDIT feedback/views/default/show_user.html: 0
[2016-03-24 23:32:09] EDIT feedback/views/default/show_user.html: 2
[2016-03-24 23:32:15] EDIT feedback/views/default/show_user.html: 1
[2016-03-24 23:32:21] EDIT feedback/views/default/show_user.html: 1
[2016-03-24 23:32:25] EDIT feedback/views/default/show_user.html: 1
[2016-03-24 23:32:53] EDIT feedback/views/default/show_user.html: 0
[2016-03-24 23:33:50] EDIT feedback/models/db.py: 0
[2016-03-24 23:34:27] EDIT feedback/models/db.py: 0
[2016-03-24 23:34:36] EDIT feedback/models/db.py: 0
[2016-03-24 23:35:23] EDIT feedback/models/db.py: 0
[2016-03-24 23:35:46] EDIT feedback/models/db.py: 0
[2016-03-24 23:37:31] EDIT feedback/models/db.py: 0
[2016-03-24 23:40:33] CREATE default/add_details.html: 0
[2016-03-24 23:40:44] EDIT feedback/views/default/add_details.html: -2
[2016-03-24 23:47:52] EDIT feedback/models/db.py: 5
[2016-03-24 23:48:06] EDIT feedback/models/db.py: 1
[2016-03-24 23:48:10] EDIT feedback/models/db.py: 0
[2016-03-24 23:49:46] EDIT feedback/models/db.py: -1
[2016-03-24 23:50:09] EDIT feedback/models/db.py: 0
[2016-03-25 15:15:40] EDIT feedback/models/db.py: 0
[2016-03-25 15:18:30] EDIT feedback/models/db.py: 0
[2016-03-25 15:20:18] EDIT feedback/controllers/default.py: 3
[2016-03-25 15:20:28] EDIT feedback/views/default/add_details.html: 1
[2016-03-25 15:21:10] EDIT feedback/controllers/default.py: 0
[2016-03-25 15:21:43] EDIT feedback/views/default/add_details.html: 3
[2016-03-25 15:21:58] EDIT feedback/views/default/add_details.html: 1
[2016-03-25 15:24:07] EDIT feedback/models/db.py: 0
[2016-03-25 15:24:56] EDIT feedback/controllers/default.py: 1
[2016-03-25 15:25:13] EDIT feedback/views/default/add_details.html: 4
[2016-03-25 15:26:15] EDIT feedback/models/db.py: 0
[2016-03-25 15:29:06] EDIT feedback/models/db.py: 0
[2016-03-25 15:31:36] EDIT feedback/controllers/default.py: 0
[2016-03-25 15:32:51] EDIT feedback/models/db.py: 0
[2016-03-25 15:33:06] EDIT feedback/models/db.py: 0
[2016-03-25 15:33:13] EDIT feedback/models/db.py: 0
[2016-03-25 15:33:15] EDIT feedback/models/db.py: 0
[2016-03-25 15:33:15] EDIT feedback/models/db.py: 0
[2016-03-25 15:33:41] EDIT feedback/models/db.py: 0
[2016-03-25 15:33:43] EDIT feedback/models/db.py: 0
[2016-03-25 15:34:30] EDIT feedback/models/db.py: 0
[2016-03-25 15:35:18] EDIT feedback/models/db.py: 0
[2016-03-25 15:35:35] EDIT feedback/models/db.py: 0
[2016-03-25 15:36:09] EDIT feedback/models/db.py: 0
[2016-03-25 15:38:16] EDIT feedback/views/default/add_details.html: 1
[2016-03-25 15:38:34] EDIT feedback/views/default/add_details.html: 1
[2016-03-25 15:38:53] EDIT feedback/views/default/add_details.html: 0
[2016-03-25 15:40:17] EDIT feedback/controllers/default.py: 1
[2016-03-25 15:40:50] EDIT feedback/views/default/add_details.html: 5
[2016-03-25 15:54:07] EDIT feedback/models/db.py: 4
[2016-03-25 15:56:34] EDIT feedback/models/db.py: 2
[2016-03-25 15:57:12] EDIT feedback/models/db.py: 0
[2016-03-25 15:57:20] EDIT feedback/models/db.py: 0
[2016-03-25 16:31:29] CREATE default/feedback.html: 0
[2016-03-25 16:33:02] EDIT feedback/views/default/feedback.html: 2
[2016-03-25 16:34:33] EDIT feedback/controllers/default.py: 3
[2016-03-25 16:35:00] EDIT feedback/controllers/default.py: -2
[2016-03-25 16:37:38] EDIT feedback/controllers/default.py: 2
[2016-03-25 16:43:13] EDIT feedback/views/default/feedback.html: 2
[2016-03-25 16:43:40] EDIT feedback/views/default/feedback.html: 0
[2016-03-25 16:46:45] EDIT feedback/views/default/feedback.html: 4
[2016-03-25 16:49:03] EDIT feedback/views/default/feedback.html: 0
[2016-03-25 16:51:58] EDIT feedback/controllers/default.py: 0
[2016-03-25 16:52:33] EDIT feedback/views/default/feedback.html: -5
[2016-03-25 17:04:02] EDIT feedback/views/default/feedback.html: 0
[2016-03-25 17:05:41] EDIT feedback/views/default/feedback.html: 7
[2016-03-25 17:05:45] EDIT feedback/views/default/feedback.html: 0
[2016-03-25 17:05:57] EDIT feedback/views/default/feedback.html: 0
[2016-03-25 17:06:24] EDIT feedback/views/default/feedback.html: 4
[2016-03-25 17:07:59] EDIT feedback/views/default/feedback.html: 4
[2016-03-25 17:08:56] EDIT feedback/views/default/feedback.html: 0
[2016-03-25 17:11:35] EDIT feedback/views/default/feedback.html: 3
[2016-03-25 17:11:37] EDIT feedback/views/default/feedback.html: 0
[2016-03-25 17:14:30] EDIT feedback/views/default/feedback.html: 0
[2016-03-25 17:18:36] EDIT feedback/controllers/default.py: 2
[2016-03-25 17:19:00] EDIT feedback/controllers/default.py: 1
[2016-03-25 17:19:27] EDIT feedback/controllers/default.py: 0
[2016-03-25 17:20:02] EDIT feedback/views/default/feedback.html: 1
[2016-03-25 17:22:15] EDIT feedback/controllers/default.py: 1
[2016-03-25 17:22:31] EDIT feedback/controllers/default.py: 0
[2016-03-27 12:11:48] EDIT feedback/models/db.py: 0
[2016-03-27 12:17:47] EDIT feedback/models/db.py: 0
[2016-03-27 12:19:25] EDIT feedback/controllers/default.py: 3
[2016-03-27 12:19:57] EDIT feedback/controllers/default.py: 0
[2016-03-27 12:20:32] EDIT feedback/controllers/default.py: 0
[2016-03-27 12:22:02] EDIT feedback/models/db.py: 1
[2016-03-27 12:26:53] EDIT feedback/models/db.py: 0
[2016-03-27 12:27:24] EDIT feedback/controllers/default.py: 0
[2016-03-27 12:28:35] EDIT feedback/models/db.py: 0
[2016-03-27 12:29:42] EDIT feedback/controllers/default.py: 0
[2016-03-27 12:40:12] EDIT feedback/controllers/default.py: 6
[2016-03-27 12:40:20] EDIT feedback/controllers/default.py: 0
[2016-03-27 12:42:27] EDIT feedback/controllers/default.py: 0
[2016-03-27 12:43:08] EDIT feedback/models/db.py: -1
[2016-03-27 12:46:13] EDIT feedback/controllers/default.py: 0
[2016-03-27 12:50:00] EDIT feedback/models/db.py: 1
[2016-03-27 12:56:20] EDIT feedback/models/db.py: 0
[2016-03-27 12:59:50] EDIT feedback/models/db.py: 0
[2016-03-27 14:23:00] EDIT feedback/controllers/default.py: 0
[2016-03-27 14:25:02] EDIT feedback/controllers/default.py: 0
[2016-03-27 14:25:10] EDIT feedback/models/db.py: 0
[2016-03-27 14:26:01] EDIT feedback/controllers/default.py: 0
[2016-03-27 14:29:05] EDIT feedback/models/db.py: 0
[2016-03-27 14:29:06] EDIT feedback/models/db.py: 0
[2016-03-27 14:42:17] CREATE default/test2.html: 0
[2016-03-27 14:47:00] EDIT feedback/controllers/default.py: 7
[2016-03-27 14:47:47] EDIT feedback/controllers/default.py: 4
[2016-03-27 14:48:04] EDIT feedback/controllers/default.py: 0
[2016-03-27 14:48:07] EDIT feedback/controllers/default.py: 0
[2016-03-27 14:48:23] EDIT feedback/controllers/default.py: 0
[2016-03-27 14:49:40] EDIT feedback/controllers/default.py: 0
[2016-03-27 14:50:40] EDIT feedback/controllers/default.py: 2
[2016-03-27 14:50:55] EDIT feedback/controllers/default.py: 0
[2016-03-27 14:51:26] EDIT feedback/controllers/default.py: 0
[2016-03-27 14:52:21] EDIT feedback/controllers/default.py: 0
[2016-03-27 14:52:31] EDIT feedback/controllers/default.py: 0
[2016-03-27 14:52:49] EDIT feedback/controllers/default.py: 0
[2016-03-27 14:54:33] EDIT feedback/views/default/test2.html: -2
[2016-03-27 14:54:52] DELETE feedback/views/default/test2.html: -1
[2016-03-27 14:57:30] EDIT feedback/controllers/default.py: 0
[2016-03-27 14:59:13] EDIT feedback/controllers/default.py: 0
[2016-03-27 14:59:39] EDIT feedback/controllers/default.py: 0
[2016-03-27 15:00:17] EDIT feedback/controllers/default.py: 0
[2016-03-27 15:02:25] EDIT feedback/controllers/default.py: 0
[2016-03-27 15:03:11] CREATE default/test2.html: 0
[2016-03-27 15:06:50] EDIT feedback/controllers/default.py: 0
[2016-03-27 15:16:06] EDIT feedback/controllers/default.py: 0
[2016-03-27 15:23:13] EDIT feedback/views/default/test2.html: 11
[2016-03-27 15:27:25] EDIT feedback/views/default/test2.html: 1
[2016-03-27 15:27:40] EDIT feedback/views/default/test2.html: 0
[2016-03-27 15:27:40] EDIT feedback/views/default/test2.html: 0
[2016-03-27 15:27:41] EDIT feedback/views/default/test2.html: 0
[2016-03-27 15:31:41] EDIT feedback/views/default/test2.html: 4
[2016-03-27 15:31:49] EDIT feedback/views/default/test2.html: -11
[2016-03-27 15:32:06] EDIT feedback/views/default/test2.html: 0
[2016-03-27 15:32:22] EDIT feedback/views/default/test2.html: 0
[2016-03-27 15:33:15] EDIT feedback/views/default/test2.html: 0
[2016-03-27 15:33:26] EDIT feedback/views/default/test2.html: 0
[2016-03-27 15:34:00] EDIT feedback/controllers/default.py: 2
[2016-03-27 15:34:34] EDIT feedback/views/default/test2.html: 0
[2016-03-27 15:34:56] EDIT feedback/views/default/test2.html: 0
[2016-03-27 15:35:33] EDIT feedback/views/default/test2.html: 1
[2016-03-27 15:35:50] EDIT feedback/views/default/test2.html: 0
[2016-03-27 15:37:07] EDIT feedback/views/default/test2.html: 2
[2016-03-27 15:48:22] EDIT feedback/views/default/test2.html: 2
[2016-03-27 15:48:24] EDIT feedback/views/default/test2.html: 0
[2016-03-27 15:49:32] EDIT feedback/models/db.py: 0
[2016-03-27 15:58:03] EDIT feedback/views/default/test2.html: 10
[2016-03-27 15:59:23] EDIT feedback/views/default/test2.html: -1
[2016-03-27 15:59:49] EDIT feedback/controllers/default.py: 1
[2016-03-27 15:59:55] EDIT feedback/controllers/default.py: 0
[2016-03-27 16:00:28] EDIT feedback/controllers/default.py: 0
[2016-03-27 16:01:07] EDIT feedback/views/default/test2.html: 0
[2016-03-27 16:01:31] EDIT feedback/views/default/test2.html: 0
[2016-03-27 16:08:51] EDIT feedback/views/default/test2.html: 1
[2016-03-27 16:09:00] EDIT feedback/views/default/test2.html: 0
[2016-03-27 16:09:02] EDIT feedback/views/default/test2.html: 0
[2016-03-27 16:09:45] EDIT feedback/views/default/test2.html: 0
[2016-03-27 16:09:47] EDIT feedback/views/default/test2.html: 0
[2016-03-27 16:10:16] EDIT feedback/views/default/test2.html: 0
[2016-03-27 16:10:50] EDIT feedback/views/default/test2.html: 0
[2016-03-27 16:11:35] EDIT feedback/controllers/default.py: 0
[2016-03-27 16:43:49] EDIT feedback/views/default/test2.html: -1
[2016-03-27 17:00:18] EDIT feedback/views/default/test2.html: 0
[2016-03-27 17:01:14] EDIT feedback/views/default/test2.html: 0
[2016-03-27 17:03:11] EDIT feedback/views/default/test2.html: 0
[2016-03-27 17:04:12] EDIT feedback/views/default/test2.html: 0
[2016-03-27 17:06:17] EDIT feedback/views/default/test2.html: 0
[2016-03-27 17:06:29] EDIT feedback/views/default/test2.html: 0
[2016-03-27 17:07:14] EDIT feedback/views/default/test2.html: 0
[2016-03-27 17:07:47] EDIT feedback/views/default/test2.html: 0
[2016-03-27 17:08:27] EDIT feedback/views/default/test2.html: 0
[2016-03-27 17:08:46] EDIT feedback/views/default/test2.html: -1
[2016-03-27 17:09:42] EDIT feedback/views/default/test2.html: 2
[2016-03-27 17:09:46] EDIT feedback/views/default/test2.html: 0
[2016-03-27 17:10:18] EDIT feedback/views/default/test2.html: -1
[2016-03-27 17:10:41] EDIT feedback/views/default/test2.html: 1
[2016-03-27 17:11:15] EDIT feedback/views/default/test2.html: 0
[2016-03-27 17:12:03] EDIT feedback/views/default/test2.html: 0
[2016-03-27 17:14:09] EDIT feedback/views/default/test2.html: 3
[2016-03-27 17:15:58] EDIT feedback/views/default/test2.html: 5
[2016-03-27 17:17:42] EDIT feedback/views/default/test2.html: 0
[2016-03-27 17:59:42] EDIT feedback/controllers/default.py: 0
[2016-03-27 18:00:22] EDIT feedback/controllers/default.py: 0
[2016-03-27 18:01:51] EDIT feedback/controllers/default.py: 0
[2016-03-27 18:04:31] EDIT feedback/views/default/test2.html: 17
[2016-03-27 18:09:07] EDIT feedback/models/db.py: 0
[2016-03-27 18:09:54] EDIT feedback/controllers/default.py: 1
[2016-03-27 18:14:12] EDIT feedback/views/default/test2.html: 0
[2016-03-27 18:16:06] EDIT feedback/controllers/default.py: -1
[2016-03-27 18:16:38] EDIT feedback/views/default/test2.html: -8
[2016-03-27 19:05:02] EDIT feedback/views/default/test2.html: 0
[2016-03-27 20:23:30] EDIT feedback/views/default/test2.html: 17
[2016-03-27 20:24:50] EDIT feedback/views/default/test2.html: 2
[2016-03-27 20:25:22] EDIT feedback/views/default/test2.html: 3
[2016-03-27 20:30:44] EDIT feedback/views/default/test2.html: 2
[2016-03-27 20:32:17] EDIT feedback/views/default/test2.html: -24
[2016-03-27 20:42:09] EDIT feedback/views/default/test2.html: 9
[2016-03-27 20:43:17] EDIT feedback/views/default/test2.html: 0
[2016-03-27 20:43:19] EDIT feedback/views/default/test2.html: 0
[2016-03-27 20:46:45] EDIT feedback/views/default/test2.html: 5
[2016-03-27 20:47:22] EDIT feedback/views/default/test2.html: 29
[2016-03-27 20:49:00] EDIT feedback/views/default/test2.html: 0
[2016-03-27 20:49:00] EDIT feedback/views/default/test2.html: 0
[2016-03-27 20:49:01] EDIT feedback/views/default/test2.html: 0
[2016-03-27 20:49:01] EDIT feedback/views/default/test2.html: 0
[2016-03-27 20:52:55] EDIT feedback/views/default/test2.html: 2
[2016-03-27 20:58:59] EDIT feedback/views/default/test2.html: 2
[2016-03-27 20:59:45] EDIT feedback/views/default/test2.html: 0
[2016-03-27 21:00:33] EDIT feedback/views/default/test2.html: -1
[2016-03-27 21:00:40] EDIT feedback/views/default/test2.html: 1
[2016-03-27 21:01:25] EDIT feedback/views/default/test2.html: 0
[2016-03-27 21:02:06] EDIT feedback/views/default/test2.html: 2
[2016-03-27 21:03:04] EDIT feedback/views/default/test2.html: 1
[2016-03-27 21:03:05] EDIT feedback/views/default/test2.html: 0
[2016-03-27 21:03:06] EDIT feedback/views/default/test2.html: 0
[2016-03-27 21:03:14] EDIT feedback/views/default/test2.html: 0
[2016-03-27 21:03:43] EDIT feedback/views/default/test2.html: -3
[2016-03-27 21:37:01] EDIT feedback/views/default/test2.html: 0
[2016-03-27 21:39:25] EDIT feedback/views/default/test2.html: -37
[2016-03-27 21:40:28] EDIT feedback/views/default/test2.html: 3
[2016-03-27 21:42:09] EDIT feedback/views/default/test2.html: 3
[2016-03-27 21:42:10] EDIT feedback/views/default/test2.html: 0
[2016-03-27 21:43:54] EDIT feedback/views/default/test2.html: 0
[2016-03-27 21:44:24] EDIT feedback/views/default/test2.html: -3
[2016-03-27 21:45:09] EDIT feedback/views/default/test2.html: 4
[2016-03-27 21:45:18] EDIT feedback/views/default/test2.html: 0
[2016-03-27 21:45:50] EDIT feedback/views/default/test2.html: 27
[2016-03-27 21:46:34] EDIT feedback/views/default/test2.html: 4
[2016-03-27 21:46:58] EDIT feedback/views/default/test2.html: -8
[2016-03-27 21:47:17] EDIT feedback/views/default/test2.html: 1
[2016-03-27 21:47:30] EDIT feedback/views/default/test2.html: 0
[2016-03-27 21:47:55] EDIT feedback/views/default/test2.html: 0
[2016-03-27 21:54:13] EDIT feedback/views/default/test2.html: 1
[2016-03-27 21:56:28] EDIT feedback/views/default/test2.html: 2
[2016-03-27 21:58:33] EDIT feedback/views/default/test2.html: 6
[2016-03-27 22:01:49] EDIT feedback/views/default/test2.html: 4
[2016-03-27 22:04:28] EDIT feedback/views/default/test2.html: 0
[2016-03-27 22:05:44] EDIT feedback/views/default/test2.html: 0
[2016-03-27 22:12:09] EDIT feedback/controllers/default.py: -8
[2016-03-28 22:45:13] EDIT feedback/controllers/default.py: -6
[2016-03-28 22:57:52] EDIT feedback/controllers/default.py: 6
[2016-03-28 22:58:28] EDIT feedback/controllers/default.py: 0
[2016-03-28 22:58:29] EDIT feedback/controllers/default.py: 0
[2016-03-28 23:00:07] EDIT feedback/controllers/default.py: 0
[2016-03-28 23:00:38] EDIT feedback/controllers/default.py: 0
[2016-03-28 23:02:07] EDIT feedback/controllers/default.py: -1
[2016-03-28 23:02:33] CREATE home_admin.html: 0
[2016-03-28 23:02:49] DELETE feedback/views/home_admin.html: -3
[2016-03-28 23:02:59] CREATE default/home_admin.html: 0
[2016-03-28 23:03:25] EDIT feedback/views/default/home_admin.html: -1
[2016-03-28 23:03:48] EDIT feedback/controllers/default.py: 0
[2016-03-28 23:04:06] EDIT feedback/views/default/home_admin.html: 16
[2016-03-28 23:05:34] EDIT feedback/controllers/default.py: 1
[2016-03-28 23:10:30] EDIT feedback/controllers/default.py: 1
[2016-03-28 23:15:14] EDIT feedback/controllers/default.py: 0
[2016-03-28 23:15:35] EDIT feedback/controllers/default.py: 0
